<?xml version="1.0" encoding="UTF-8"?>
<!-- Generated by org.testng.reporters.JUnitReportReporter -->
<testsuite hostname="TYSS-Shobha" failures="0" tests="1" name="AdvanceScenarios.HandlingAutoSuggestionEx1" time="9.846" errors="0" timestamp="2025-06-18T11:53:20 IST" skipped="0">
  <testcase classname="AdvanceScenarios.HandlingAutoSuggestionEx1" name="HandlingAutoSuggestionEx1" time="9.846"/>
</testsuite> <!-- AdvanceScenarios.HandlingAutoSuggestionEx1 -->
