<?xml version="1.0" encoding="UTF-8"?>
<!-- Generated by org.testng.reporters.JUnitReportReporter -->
<testsuite hostname="TYSS-Shobha" failures="0" tests="5" name="FrameWork.SampleTest" time="0.014" errors="0" timestamp="2025-06-18T11:35:58 IST" skipped="1">
  <testcase classname="FrameWork.SampleTest" name="createContact" time="0.010"/>
  <testcase classname="FrameWork.SampleTest" name="createContact" time="0.002"/>
  <testcase classname="FrameWork.SampleTest" name="createContact" time="0.001"/>
  <testcase classname="FrameWork.SampleTest" name="modifyContact" time="0.001"/>
  <testcase classname="FrameWork.SampleTest" name="deleteContact">
    <skipped/>
  </testcase> <!-- deleteContact -->
</testsuite> <!-- FrameWork.SampleTest -->
