<?xml version="1.0" encoding="UTF-8"?>
<!-- Generated by org.testng.reporters.JUnitReportReporter -->
<testsuite hostname="TYSS-Shobha" failures="0" tests="1" name="FrameWork.ScreenShotEx2" time="6.524" errors="0" timestamp="2025-06-19T11:56:16 IST" skipped="0">
  <testcase classname="FrameWork.ScreenShotEx2" name="m2" time="6.524"/>
</testsuite> <!-- FrameWork.ScreenShotEx2 -->
