<?xml version="1.0" encoding="UTF-8"?>
<!-- Generated by org.testng.reporters.JUnitReportReporter -->
<testsuite hostname="TYSS-Shobha" failures="0" tests="1" name="PopUps.AlertPopup" time="6.057" errors="0" timestamp="2025-06-19T10:24:25 IST" skipped="0">
  <testcase classname="PopUps.AlertPopup" name="alert" time="6.057"/>
</testsuite> <!-- PopUps.AlertPopup -->
