<?xml version="1.0" encoding="UTF-8"?>
<!-- Generated by org.testng.reporters.JUnitReportReporter -->
<testsuite hostname="TYSS-Shobha" failures="0" tests="1" name="FrameWork.SCreenShotEx" time="5.851" errors="0" timestamp="2025-06-19T11:43:47 IST" skipped="0">
  <testcase classname="FrameWork.SCreenShotEx" name="m1" time="5.851"/>
</testsuite> <!-- FrameWork.SCreenShotEx -->
