<?xml version="1.0" encoding="UTF-8"?>
<!-- Generated by org.testng.reporters.JUnitReportReporter -->
<testsuite hostname="TYSS-Shobha" failures="0" tests="1" name="AdvanceScenarios.HandlingAutoSuggestionEx1Test" time="14.374" errors="0" timestamp="2025-06-19T11:23:45 IST" skipped="0">
  <testcase classname="AdvanceScenarios.HandlingAutoSuggestionEx1Test" name="HandlingAutoSuggestionEx1" time="14.374"/>
</testsuite> <!-- AdvanceScenarios.HandlingAutoSuggestionEx1Test -->
