<?xml version="1.0" encoding="UTF-8"?>
<!-- Generated by org.testng.reporters.JUnitReportReporter -->
<testsuite hostname="TYSS-Shobha" failures="0" tests="4" name="AdvanceScenarios.DropDownHandlingExTest" time="28.072" errors="0" timestamp="2025-06-19T11:23:45 IST" skipped="0">
  <testcase classname="AdvanceScenarios.DropDownHandlingExTest" name="dropDownHandlingExTest" time="14.030"/>
  <testcase classname="AdvanceScenarios.DropDownHandlingExTest" name="dropDownHandlingExTest" time="14.032"/>
  <testcase classname="AdvanceScenarios.DropDownHandlingExTest" name="m2" time="0.008"/>
  <testcase classname="AdvanceScenarios.DropDownHandlingExTest" name="m2" time="0.002"/>
</testsuite> <!-- AdvanceScenarios.DropDownHandlingExTest -->
